\BOOKMARK [1][-]{section.1}{\376\377\000\332\000v\000o\000d}{}% 1
\BOOKMARK [2][-]{subsection.1.1}{\376\377\001\130\000e\001\141\000i\000t\000e\000l\000\351\000\040\000a\000\040\000z\000d\000r\000o\000j\000e\000\040\000i\000n\000f\000o\000r\000m\000a\000c\000\355}{section.1}% 2
\BOOKMARK [2][-]{subsection.1.2}{\376\377\000E\000x\000p\000e\000r\000i\000m\000e\000n\000t\000\341\000l\000n\000\355\000\040\000o\000v\001\033\001\131\000o\000v\000\341\000n\000\355\000\040\000v\000a\000l\000i\000d\000i\000t\000y\000\040\000m\000o\000d\000e\000l\000u}{section.1}% 3
\BOOKMARK [1][-]{section.2}{\376\377\000R\000o\000z\000b\000o\000r\000\040\000t\000\351\000m\000a\000t\000u\000\040\000a\000\040\000p\000o\000u\001\176\000i\000t\000\375\000c\000h\000\040\000m\000e\000t\000o\000d\000/\000t\000e\000c\000h\000n\000o\000l\000o\000g\000i\000\355}{}% 4
\BOOKMARK [2][-]{subsection.2.1}{\376\377\000P\000o\000u\001\176\000i\000t\000\351\000\040\000p\000o\000s\000t\000u\000p\000y}{section.2}% 5
\BOOKMARK [2][-]{subsection.2.2}{\376\377\000P\001\157\000v\000o\000d\000\040\000p\000o\000u\001\176\000i\000t\000\375\000c\000h\000\040\000m\000e\000t\000o\000d\000/\000t\000e\000c\000h\000n\000o\000l\000o\000g\000i\000\355}{section.2}% 6
\BOOKMARK [1][-]{section.3}{\376\377\000K\000o\000n\000c\000e\000p\000c\000e}{}% 7
\BOOKMARK [1][-]{section.4}{\376\377\000A\000r\000c\000h\000i\000t\000e\000k\000t\000u\000r\000a\000\040\000s\000i\000m\000u\000l\000a\001\015\000n\000\355\000h\000o\000\040\000m\000o\000d\000e\000l\000u\000/\000s\000i\000m\000u\000l\000\341\000t\000o\000r\000u}{}% 8
\BOOKMARK [2][-]{subsection.4.1}{\376\377\000K\000a\000l\000e\000n\000d\000\341\001\131\000\040\000u\000d\000\341\000l\000o\000s\000t\000\355}{section.4}% 9
\BOOKMARK [2][-]{subsection.4.2}{\376\377\000U\000d\000\341\000l\000o\000s\000t\000i}{section.4}% 10
\BOOKMARK [2][-]{subsection.4.3}{\376\377\000S\000k\000l\000a\000d}{section.4}% 11
\BOOKMARK [3][-]{subsubsection.4.3.1}{\376\377\000Z\000a\001\131\000\355\000z\000e\000n\000\355}{subsection.4.3}% 12
\BOOKMARK [2][-]{subsection.4.4}{\376\377\000G\000e\000n\000e\000r\000\341\000t\000o\000r}{section.4}% 13
\BOOKMARK [3][-]{subsubsection.4.4.1}{\376\377\000P\000s\000e\000u\000d\000o\000n\000\341\000h\000o\000d\000n\000\375\000\040\000g\000e\000n\000e\000r\000\341\000t\000o\000r}{subsection.4.4}% 14
\BOOKMARK [3][-]{subsubsection.4.4.2}{\376\377\000G\000e\000n\000e\000r\000\341\000t\000o\000r\000\040\000s\000\040\000e\000x\000p\000o\000n\000e\000n\000c\000i\000\341\000l\000n\000\355\000m\000\040\000r\000o\000z\000l\000o\001\176\000e\000n\000\355\000m}{subsection.4.4}% 15
\BOOKMARK [3][-]{subsubsection.4.4.3}{\376\377\000G\000e\000n\000e\000r\000\341\000t\000o\000r\000\040\000s\000\040\000n\000o\000r\000m\000\341\000l\000n\000\355\000m\000\040\000r\000o\000z\000l\000o\001\176\000e\000n\000\355\000m}{subsection.4.4}% 16
\BOOKMARK [3][-]{subsubsection.4.4.4}{\376\377\000G\000e\000n\000e\000r\000\341\000t\000o\000r\000\040\000s\000\040\000r\000o\000v\000n\000o\000m\001\033\000r\000n\000\375\000m\000\040\000r\000o\000z\000l\000o\001\176\000e\000n\000\355\000m}{subsection.4.4}% 17
\BOOKMARK [2][-]{subsection.4.5}{\376\377\000S\000t\000a\000t\000i\000s\000t\000i\000k\000y}{section.4}% 18
\BOOKMARK [2][-]{subsection.4.6}{\376\377\000P\001\131\000e\000k\000l\000a\000d}{section.4}% 19
\BOOKMARK [1][-]{section.5}{\376\377\000P\000o\000d\000s\000t\000a\000t\000a\000\040\000s\000i\000m\000u\000l\000a\001\015\000n\000\355\000c\000h\000\040\000e\000x\000p\000e\000r\000i\000m\000e\000n\000t\001\157\000\040\000a\000\040\000j\000e\000j\000i\000c\000h\000\040\000p\000r\001\157\000b\001\033\000h}{}% 20
\BOOKMARK [2][-]{subsection.5.1}{\376\377\000P\000o\000s\000t\000u\000p\000\040\000e\000x\000p\000e\000r\000i\000m\000e\000n\000t\000o\000v\000\341\000n\000\355}{section.5}% 21
\BOOKMARK [2][-]{subsection.5.2}{\376\377\000E\000x\000p\000e\000r\000i\000m\000e\000n\000t\000y}{section.5}% 22
\BOOKMARK [3][-]{subsubsection.5.2.1}{\376\377\000\040\000K\000r\000a\000v\000\355\000n}{subsection.5.2}% 23
\BOOKMARK [3][-]{subsubsection.5.2.2}{\376\377\000U\001\015\000e\000b\000n\000a}{subsection.5.2}% 24
\BOOKMARK [3][-]{subsubsection.5.2.3}{\376\377\000Z\000\341\000v\001\033\000r\000y\000\040\000e\000x\000p\000e\000r\000i\000m\000e\000n\000t\001\157}{subsection.5.2}% 25
\BOOKMARK [1][-]{section.6}{\376\377\000S\000h\000r\000n\000u\000t\000\355\000\040\000s\000i\000m\000u\000l\000a\001\015\000n\000\355\000c\000h\000\040\000e\000x\000p\000e\000r\000i\000m\000e\000n\000t\001\157\000\040\000a\000\040\000z\000\341\000v\001\033\000r}{}% 26
\BOOKMARK [1][-]{section*.10}{\376\377\000R\000e\000f\000e\000r\000e\000n\000c\000e}{}% 27
